<?xml version="1.0" encoding="UTF-8"?>
<!-- Generated by org.testng.reporters.JUnitReportReporter -->
<testsuite hostname="TMZ-DPC-2259" failures="0" tests="3" name="runner.TestAddToCartTestNG" time="278.457" errors="0" timestamp="2023-11-28T15:24:48 IST" skipped="0">
  <testcase classname="runner.TestAddToCartTestNG" name="runScenario" time="27.819"/>
  <testcase classname="runner.TestAddToCartTestNG" name="runScenario" time="71.567"/>
  <testcase classname="runner.TestAddToCartTestNG" name="runScenario" time="179.071"/>
</testsuite> <!-- runner.TestAddToCartTestNG -->
