<?xml version="1.0" encoding="UTF-8"?>
<!-- Generated by org.testng.reporters.JUnitReportReporter -->
<testsuite hostname="TMZ-DPC-2209" failures="0" tests="8" name="com.Runner.TestAllRunner" time="89.939" errors="0" timestamp="2023-11-29T11:00:48 IST" skipped="0">
  <testcase classname="com.Runner.TestAllRunner" name="runScenario" time="15.960"/>
  <testcase classname="com.Runner.TestAllRunner" name="runScenario" time="5.500"/>
  <testcase classname="com.Runner.TestAllRunner" name="runScenario" time="9.807"/>
  <testcase classname="com.Runner.TestAllRunner" name="runScenario" time="35.892"/>
  <testcase classname="com.Runner.TestAllRunner" name="runScenario" time="8.262"/>
  <testcase classname="com.Runner.TestAllRunner" name="runScenario" time="7.228"/>
  <testcase classname="com.Runner.TestAllRunner" name="runScenario" time="3.020"/>
  <testcase classname="com.Runner.TestAllRunner" name="runScenario" time="4.270"/>
</testsuite> <!-- com.Runner.TestAllRunner -->
