<?xml version="1.0" encoding="UTF-8"?>
<!-- Generated by org.testng.reporters.JUnitReportReporter -->
<testsuite hostname="TMZ-DPC-2259" failures="0" tests="2" name="runner.AddToCartTestNG" time="291.793" errors="0" timestamp="2023-11-21T13:34:37 IST" skipped="0">
  <testcase classname="runner.AddToCartTestNG" name="runScenario" time="156.293"/>
  <testcase classname="runner.AddToCartTestNG" name="runScenario" time="135.500"/>
</testsuite> <!-- runner.AddToCartTestNG -->
